2015/02/25 11:48:10 INFO  - jmeter.util.JMeterUtils: Setting Locale to en_US 
2015/02/25 11:48:10 INFO  - jmeter.JMeter: Loading user properties from: /home/otruffer/dicto/bin/tools/jmeter/bin/user.properties 
2015/02/25 11:48:10 INFO  - jmeter.JMeter: Loading system properties from: /home/otruffer/dicto/bin/tools/jmeter/bin/system.properties 
2015/02/25 11:48:10 INFO  - jmeter.JMeter: Copyright (c) 1998-2014 The Apache Software Foundation 
2015/02/25 11:48:10 INFO  - jmeter.JMeter: Version 2.11 r1554548 
2015/02/25 11:48:10 INFO  - jmeter.JMeter: java.version=1.8.0_31 
2015/02/25 11:48:10 INFO  - jmeter.JMeter: java.vm.name=Java HotSpot(TM) 64-Bit Server VM 
2015/02/25 11:48:10 INFO  - jmeter.JMeter: os.name=Linux 
2015/02/25 11:48:10 INFO  - jmeter.JMeter: os.arch=amd64 
2015/02/25 11:48:10 INFO  - jmeter.JMeter: os.version=3.13.0-43-generic 
2015/02/25 11:48:10 INFO  - jmeter.JMeter: file.encoding=UTF-8 
2015/02/25 11:48:10 INFO  - jmeter.JMeter: Default Locale=English (United States) 
2015/02/25 11:48:10 INFO  - jmeter.JMeter: JMeter  Locale=English (United States) 
2015/02/25 11:48:10 INFO  - jmeter.JMeter: JMeterHome=/home/otruffer/dicto/bin/tools/jmeter 
2015/02/25 11:48:10 INFO  - jmeter.JMeter: user.dir  =/home/otruffer/dicto/bin/dicto-engine 
2015/02/25 11:48:10 INFO  - jmeter.JMeter: PWD       =/home/otruffer/dicto/bin/dicto-engine 
2015/02/25 11:48:10 INFO  - jmeter.JMeter: IP: 127.0.1.1 Name: otruffer-ThinkPad-T430s FullName: otruffer-ThinkPad-T430s 
2015/02/25 11:48:10 INFO  - jmeter.services.FileServer: Default base='/home/otruffer/dicto/bin/dicto-engine' 
2015/02/25 11:48:10 INFO  - jmeter.services.FileServer: Set new base='/home/otruffer/dicto/bin/dicto-engine/../analysis/DictoTestSuite/1424861291' 
2015/02/25 11:48:10 INFO  - jmeter.JMeter: Loading file: /home/otruffer/dicto/bin/dicto-engine/../analysis/DictoTestSuite/1424861291/DIJMeterResponseTime-test.jmx 
2015/02/25 11:48:10 INFO  - jmeter.save.SaveService: Testplan (JMX) version: 2.2. Testlog (JTL) version: 2.2 
2015/02/25 11:48:10 INFO  - jmeter.save.SaveService: Using SaveService properties file encoding UTF-8 
2015/02/25 11:48:10 INFO  - jmeter.save.SaveService: Using SaveService properties version 2.6 
2015/02/25 11:48:11 INFO  - jmeter.save.SaveService: Using SaveService properties file version 1554411 
2015/02/25 11:48:11 INFO  - jmeter.save.SaveService: All converter versions present and correct 
2015/02/25 11:48:11 INFO  - jmeter.protocol.http.sampler.HTTPSamplerBase: Cannot find .className property for htmlParser, using default 
2015/02/25 11:48:11 INFO  - jmeter.protocol.http.sampler.HTTPSamplerBase: Parser for text/html is  
2015/02/25 11:48:11 INFO  - jmeter.protocol.http.sampler.HTTPSamplerBase: Parser for application/xhtml+xml is  
2015/02/25 11:48:11 INFO  - jmeter.protocol.http.sampler.HTTPSamplerBase: Parser for application/xml is  
2015/02/25 11:48:11 INFO  - jmeter.protocol.http.sampler.HTTPSamplerBase: Parser for text/xml is  
2015/02/25 11:48:11 INFO  - jmeter.protocol.http.sampler.HTTPSamplerBase: Parser for text/vnd.wap.wml is org.apache.jmeter.protocol.http.parser.RegexpHTMLParser 
2015/02/25 11:48:11 INFO  - jmeter.JMeter: Creating summariser <summary> 
2015/02/25 11:48:11 INFO  - jmeter.engine.StandardJMeterEngine: Listeners will be started after enabling running version 
2015/02/25 11:48:11 INFO  - jmeter.engine.StandardJMeterEngine: To revert to the earlier behaviour, define jmeterengine.startlistenerslater=false 
2015/02/25 11:48:11 INFO  - jmeter.engine.StandardJMeterEngine: Running the test! 
2015/02/25 11:48:11 INFO  - jmeter.samplers.SampleEvent: List of sample_variables: [] 
2015/02/25 11:48:11 INFO  - jmeter.samplers.SampleEvent: List of sample_variables: [] 
2015/02/25 11:48:11 INFO  - jmeter.engine.util.CompoundVariable: Note: Function class names must contain the string: '.functions.' 
2015/02/25 11:48:11 INFO  - jmeter.engine.util.CompoundVariable: Note: Function class names must not contain the string: '.gui.' 
2015/02/25 11:48:11 INFO  - jmeter.JMeter: Running test (1424861291250) 
2015/02/25 11:48:11 INFO  - jmeter.engine.StandardJMeterEngine: Starting ThreadGroup: 1 : test192670609-1 ms 
2015/02/25 11:48:11 INFO  - jmeter.engine.StandardJMeterEngine: Starting 1 threads for group test192670609-1 ms. 
2015/02/25 11:48:11 INFO  - jmeter.engine.StandardJMeterEngine: Thread will continue on error 
2015/02/25 11:48:11 INFO  - jmeter.threads.ThreadGroup: Starting thread group number 1 threads 1 ramp-up 1 perThread 1000.0 delayedStart=false 
2015/02/25 11:48:11 INFO  - jmeter.threads.JMeterThread: jmeterthread.startearlier=true (see jmeter.properties) 
2015/02/25 11:48:11 INFO  - jmeter.threads.JMeterThread: Running PostProcessors in forward order 
2015/02/25 11:48:11 INFO  - jmeter.threads.ThreadGroup: Started thread group number 1 
2015/02/25 11:48:11 INFO  - jmeter.engine.StandardJMeterEngine: Starting ThreadGroup: 2 : test192670609-1000 ms 
2015/02/25 11:48:11 INFO  - jmeter.engine.StandardJMeterEngine: Starting 1 threads for group test192670609-1000 ms. 
2015/02/25 11:48:11 INFO  - jmeter.engine.StandardJMeterEngine: Thread will continue on error 
2015/02/25 11:48:11 INFO  - jmeter.threads.ThreadGroup: Starting thread group number 2 threads 1 ramp-up 1 perThread 1000.0 delayedStart=false 
2015/02/25 11:48:11 INFO  - jmeter.threads.ThreadGroup: Started thread group number 2 
2015/02/25 11:48:11 INFO  - jmeter.engine.StandardJMeterEngine: Starting ThreadGroup: 3 : test251541540-1000 ms 
2015/02/25 11:48:11 INFO  - jmeter.engine.StandardJMeterEngine: Starting 1 threads for group test251541540-1000 ms. 
2015/02/25 11:48:11 INFO  - jmeter.engine.StandardJMeterEngine: Thread will continue on error 
2015/02/25 11:48:11 INFO  - jmeter.threads.ThreadGroup: Starting thread group number 3 threads 1 ramp-up 1 perThread 1000.0 delayedStart=false 
2015/02/25 11:48:11 INFO  - jmeter.threads.ThreadGroup: Started thread group number 3 
2015/02/25 11:48:11 INFO  - jmeter.engine.StandardJMeterEngine: Starting ThreadGroup: 4 : test192670609-1000 ms 
2015/02/25 11:48:11 INFO  - jmeter.engine.StandardJMeterEngine: Starting 1 threads for group test192670609-1000 ms. 
2015/02/25 11:48:11 INFO  - jmeter.engine.StandardJMeterEngine: Thread will continue on error 
2015/02/25 11:48:11 INFO  - jmeter.threads.ThreadGroup: Starting thread group number 4 threads 1 ramp-up 1 perThread 1000.0 delayedStart=false 
2015/02/25 11:48:11 INFO  - jmeter.threads.ThreadGroup: Started thread group number 4 
2015/02/25 11:48:11 INFO  - jmeter.engine.StandardJMeterEngine: All thread groups have been started 
2015/02/25 11:48:11 INFO  - jmeter.threads.JMeterThread: Thread started: test192670609-1000 ms 4-1 
2015/02/25 11:48:11 INFO  - jmeter.threads.JMeterThread: Thread started: test192670609-1000 ms 2-1 
2015/02/25 11:48:11 INFO  - jmeter.threads.JMeterThread: Thread started: test192670609-1 ms 1-1 
2015/02/25 11:48:11 INFO  - jmeter.threads.JMeterThread: Thread started: test251541540-1000 ms 3-1 
2015/02/25 11:48:11 INFO  - jmeter.protocol.http.sampler.HTTPHCAbstractImpl: Local host = otruffer-ThinkPad-T430s 
2015/02/25 11:48:11 INFO  - jmeter.protocol.http.sampler.HTTPHC4Impl: HTTP request retry count = 0 
2015/02/25 11:48:11 INFO  - jmeter.protocol.http.sampler.HTTPHC4Impl: Setting up HTTPS TrustAll scheme 
2015/02/25 11:48:11 INFO  - jmeter.util.JsseSSLManager: Using default SSL protocol: TLS 
2015/02/25 11:48:11 INFO  - jmeter.util.JsseSSLManager: SSL session context: per-thread 
2015/02/25 11:48:11 INFO  - jmeter.samplers.SampleResult: Note: Sample TimeStamps are START times 
2015/02/25 11:48:11 INFO  - jmeter.samplers.SampleResult: sampleresult.default.encoding is set to ISO-8859-1 
2015/02/25 11:48:11 INFO  - jmeter.samplers.SampleResult: sampleresult.useNanoTime=true 
2015/02/25 11:48:11 INFO  - jmeter.samplers.SampleResult: sampleresult.nanoThreadSleep=5000 
2015/02/25 11:48:11 INFO  - jmeter.util.SSLManager: JmeterKeyStore Location:  type JKS 
2015/02/25 11:48:11 INFO  - jmeter.util.SSLManager: KeyStore created OK 
2015/02/25 11:48:11 WARN  - jmeter.util.SSLManager: Keystore file not found, loading empty keystore 
2015/02/25 11:48:11 INFO  - jmeter.threads.JMeterThread: Thread finished: test192670609-1000 ms 4-1 
2015/02/25 11:48:11 INFO  - jmeter.threads.JMeterThread: Thread finished: test192670609-1000 ms 2-1 
2015/02/25 11:48:11 INFO  - jmeter.threads.JMeterThread: Thread finished: test192670609-1 ms 1-1 
2015/02/25 11:48:12 INFO  - jmeter.threads.JMeterThread: Thread finished: test251541540-1000 ms 3-1 
2015/02/25 11:48:12 INFO  - jmeter.engine.StandardJMeterEngine: Notifying test listeners of end of test 
2015/02/25 11:48:12 INFO  - jmeter.reporters.Summariser: summary =      4 in   1.1s =    3.7/s Avg:   467 Min:   258 Max:  1088 Err:     2 (50.00%) 
