2014/02/25 09:43:39 INFO  - jmeter.util.JMeterUtils: Setting Locale to en_US 
2014/02/25 09:43:39 INFO  - jmeter.JMeter: Loading user properties from: /Users/caracciolo/GoogleDrive/_WORK/Projects/newADL/_PROTOTYPE/DICTO/analysis/tools/apache-jmeter-2.11/bin/user.properties 
2014/02/25 09:43:39 INFO  - jmeter.JMeter: Loading system properties from: /Users/caracciolo/GoogleDrive/_WORK/Projects/newADL/_PROTOTYPE/DICTO/analysis/tools/apache-jmeter-2.11/bin/system.properties 
2014/02/25 09:43:39 INFO  - jmeter.JMeter: Copyright (c) 1998-2014 The Apache Software Foundation 
2014/02/25 09:43:39 INFO  - jmeter.JMeter: Version 2.11 r1554548 
2014/02/25 09:43:39 INFO  - jmeter.JMeter: java.version=1.7.0_21 
2014/02/25 09:43:39 INFO  - jmeter.JMeter: java.vm.name=Java HotSpot(TM) 64-Bit Server VM 
2014/02/25 09:43:39 INFO  - jmeter.JMeter: os.name=Mac OS X 
2014/02/25 09:43:39 INFO  - jmeter.JMeter: os.arch=x86_64 
2014/02/25 09:43:39 INFO  - jmeter.JMeter: os.version=10.9.1 
2014/02/25 09:43:39 INFO  - jmeter.JMeter: file.encoding=UTF-8 
2014/02/25 09:43:39 INFO  - jmeter.JMeter: Default Locale=English (United States) 
2014/02/25 09:43:39 INFO  - jmeter.JMeter: JMeter  Locale=English (United States) 
2014/02/25 09:43:39 INFO  - jmeter.JMeter: JMeterHome=/Users/caracciolo/GoogleDrive/_WORK/Projects/newADL/_PROTOTYPE/DICTO/analysis/tools/apache-jmeter-2.11 
2014/02/25 09:43:39 INFO  - jmeter.JMeter: user.dir  =/Users/caracciolo/GoogleDrive/_WORK/Projects/newADL/_PROTOTYPE/DICTO/analysis/tools/apache-jmeter-2.11/bin 
2014/02/25 09:43:39 INFO  - jmeter.JMeter: PWD       =/Users/caracciolo/GoogleDrive/_WORK/Projects/newADL/_PROTOTYPE/DICTO/analysis/tools/apache-jmeter-2.11/bin 
2014/02/25 09:43:39 INFO  - jmeter.JMeter: IP: 130.92.65.23 Name: kirk.unibe.ch FullName: kirk.unibe.ch 
2014/02/25 09:43:39 INFO  - jmeter.JMeter: Loaded icon properties from org/apache/jmeter/images/icon.properties 
2014/02/25 09:43:40 INFO  - jmeter.engine.util.CompoundVariable: Note: Function class names must contain the string: '.functions.' 
2014/02/25 09:43:40 INFO  - jmeter.engine.util.CompoundVariable: Note: Function class names must not contain the string: '.gui.' 
2014/02/25 09:43:41 INFO  - jmeter.gui.action.LookAndFeelCommand: Using look and feel: com.apple.laf.AquaLookAndFeel [Mac OS X, System] 
2014/02/25 09:43:41 INFO  - jmeter.util.BSFTestElement: Registering JMeter version of JavaScript engine as work-round for BSF-22 
2014/02/25 09:43:42 INFO  - jmeter.protocol.http.sampler.HTTPSamplerBase: Cannot find .className property for htmlParser, using default 
2014/02/25 09:43:42 INFO  - jmeter.protocol.http.sampler.HTTPSamplerBase: Parser for text/html is  
2014/02/25 09:43:42 INFO  - jmeter.protocol.http.sampler.HTTPSamplerBase: Parser for application/xhtml+xml is  
2014/02/25 09:43:42 INFO  - jmeter.protocol.http.sampler.HTTPSamplerBase: Parser for application/xml is  
2014/02/25 09:43:42 INFO  - jmeter.protocol.http.sampler.HTTPSamplerBase: Parser for text/xml is  
2014/02/25 09:43:42 INFO  - jmeter.protocol.http.sampler.HTTPSamplerBase: Parser for text/vnd.wap.wml is org.apache.jmeter.protocol.http.parser.RegexpHTMLParser 
2014/02/25 09:43:42 INFO  - jmeter.gui.util.MenuFactory: Skipping org.apache.jmeter.protocol.http.control.gui.WebServiceSamplerGui 
2014/02/25 09:43:42 INFO  - jmeter.gui.util.MenuFactory: Skipping org.apache.jmeter.protocol.http.modifier.gui.ParamModifierGui 
2014/02/25 09:43:42 INFO  - jorphan.exec.KeyToolUtils: keytool found at 'keytool' 
2014/02/25 09:43:42 INFO  - jmeter.protocol.http.proxy.ProxyControl: HTTP(S) Test Script Recorder SSL Proxy will use keys that support embedded 3rd party resources in file /Users/caracciolo/GoogleDrive/_WORK/Projects/newADL/_PROTOTYPE/DICTO/analysis/tools/apache-jmeter-2.11/bin/proxyserver.jks 
2014/02/25 09:43:42 INFO  - jmeter.samplers.SampleResult: Note: Sample TimeStamps are START times 
2014/02/25 09:43:42 INFO  - jmeter.samplers.SampleResult: sampleresult.default.encoding is set to ISO-8859-1 
2014/02/25 09:43:42 INFO  - jmeter.samplers.SampleResult: sampleresult.useNanoTime=true 
2014/02/25 09:43:42 INFO  - jmeter.samplers.SampleResult: sampleresult.nanoThreadSleep=5000 
2014/02/25 09:47:20 INFO  - jmeter.services.FileServer: Default base='/Users/caracciolo/GoogleDrive/_WORK/Projects/newADL/_PROTOTYPE/DICTO/analysis/tools/apache-jmeter-2.11/bin' 
2014/02/25 09:47:20 INFO  - jmeter.services.FileServer: Set new base='/Users/caracciolo/GoogleDrive/_WORK/Projects/newADL/_PROTOTYPE/DICTO/analysis/tools/apache-jmeter-2.11/bin' 
2014/02/25 09:47:20 INFO  - jmeter.save.SaveService: Testplan (JMX) version: 2.2. Testlog (JTL) version: 2.2 
2014/02/25 09:47:20 INFO  - jmeter.save.SaveService: Using SaveService properties file encoding UTF-8 
2014/02/25 09:47:20 INFO  - jmeter.save.SaveService: Using SaveService properties version 2.6 
2014/02/25 09:47:20 INFO  - jmeter.save.SaveService: Using SaveService properties file version 1554411 
2014/02/25 09:47:20 INFO  - jmeter.save.SaveService: All converter versions present and correct 
2014/02/25 09:47:42 INFO  - jmeter.engine.StandardJMeterEngine: Listeners will be started after enabling running version 
2014/02/25 09:47:42 INFO  - jmeter.engine.StandardJMeterEngine: To revert to the earlier behaviour, define jmeterengine.startlistenerslater=false 
2014/02/25 09:47:42 INFO  - jmeter.engine.StandardJMeterEngine: Running the test! 
2014/02/25 09:47:42 INFO  - jmeter.samplers.SampleEvent: List of sample_variables: [] 
2014/02/25 09:47:42 INFO  - jmeter.samplers.SampleEvent: List of sample_variables: [] 
2014/02/25 09:47:42 INFO  - jmeter.gui.util.JMeterMenuBar: setRunning(true,*local*) 
2014/02/25 09:47:42 INFO  - jmeter.engine.StandardJMeterEngine: No enabled thread groups found 
2014/02/25 09:47:42 INFO  - jmeter.engine.StandardJMeterEngine: Notifying test listeners of end of test 
2014/02/25 09:47:42 INFO  - jmeter.gui.util.JMeterMenuBar: setRunning(false,*local*) 
2014/02/25 09:49:01 INFO  - jmeter.services.FileServer: Set new base='/Users/caracciolo/GoogleDrive/_WORK/Projects/newADL/_PROTOTYPE/DICTO/analysis/tools/apache-jmeter-2.11/bin' 
2014/02/25 09:49:01 INFO  - jmeter.engine.StandardJMeterEngine: Running the test! 
2014/02/25 09:49:01 INFO  - jmeter.samplers.SampleEvent: List of sample_variables: [] 
2014/02/25 09:49:01 INFO  - jmeter.gui.util.JMeterMenuBar: setRunning(true,*local*) 
2014/02/25 09:49:01 INFO  - jmeter.engine.StandardJMeterEngine: No enabled thread groups found 
2014/02/25 09:49:01 INFO  - jmeter.engine.StandardJMeterEngine: Notifying test listeners of end of test 
2014/02/25 09:49:01 INFO  - jmeter.gui.util.JMeterMenuBar: setRunning(false,*local*) 
2014/02/25 09:49:05 INFO  - jmeter.engine.StandardJMeterEngine: Running the test! 
2014/02/25 09:49:05 INFO  - jmeter.samplers.SampleEvent: List of sample_variables: [] 
2014/02/25 09:49:05 INFO  - jmeter.gui.util.JMeterMenuBar: setRunning(true,*local*) 
2014/02/25 09:49:05 INFO  - jmeter.engine.StandardJMeterEngine: No enabled thread groups found 
2014/02/25 09:49:05 INFO  - jmeter.engine.StandardJMeterEngine: Notifying test listeners of end of test 
2014/02/25 09:49:05 INFO  - jmeter.gui.util.JMeterMenuBar: setRunning(false,*local*) 
2014/02/25 09:54:20 INFO  - jmeter.engine.StandardJMeterEngine: Running the test! 
2014/02/25 09:54:20 INFO  - jmeter.samplers.SampleEvent: List of sample_variables: [] 
2014/02/25 09:54:20 INFO  - jmeter.gui.util.JMeterMenuBar: setRunning(true,*local*) 
2014/02/25 09:54:20 INFO  - jmeter.engine.StandardJMeterEngine: Starting ThreadGroup: 1 : Thread Group 
2014/02/25 09:54:20 INFO  - jmeter.engine.StandardJMeterEngine: Starting 1 threads for group Thread Group. 
2014/02/25 09:54:20 INFO  - jmeter.engine.StandardJMeterEngine: Thread will continue on error 
2014/02/25 09:54:20 INFO  - jmeter.threads.ThreadGroup: Starting thread group number 1 threads 1 ramp-up 1 perThread 1000.0 delayedStart=false 
2014/02/25 09:54:20 INFO  - jmeter.threads.JMeterThread: jmeterthread.startearlier=true (see jmeter.properties) 
2014/02/25 09:54:20 INFO  - jmeter.threads.JMeterThread: Running PostProcessors in forward order 
2014/02/25 09:54:20 INFO  - jmeter.threads.ThreadGroup: Started thread group number 1 
2014/02/25 09:54:20 INFO  - jmeter.threads.JMeterThread: Thread started: Thread Group 1-1 
2014/02/25 09:54:20 INFO  - jmeter.engine.StandardJMeterEngine: All thread groups have been started 
2014/02/25 09:54:20 INFO  - jmeter.threads.JMeterThread: Thread finished: Thread Group 1-1 
2014/02/25 09:54:20 INFO  - jmeter.engine.StandardJMeterEngine: Notifying test listeners of end of test 
2014/02/25 09:54:20 INFO  - jmeter.gui.util.JMeterMenuBar: setRunning(false,*local*) 
2014/02/25 09:54:22 INFO  - jmeter.engine.StandardJMeterEngine: Running the test! 
2014/02/25 09:54:22 INFO  - jmeter.samplers.SampleEvent: List of sample_variables: [] 
2014/02/25 09:54:22 INFO  - jmeter.gui.util.JMeterMenuBar: setRunning(true,*local*) 
2014/02/25 09:54:22 INFO  - jmeter.engine.StandardJMeterEngine: Starting ThreadGroup: 1 : Thread Group 
2014/02/25 09:54:22 INFO  - jmeter.engine.StandardJMeterEngine: Starting 1 threads for group Thread Group. 
2014/02/25 09:54:22 INFO  - jmeter.engine.StandardJMeterEngine: Thread will continue on error 
2014/02/25 09:54:22 INFO  - jmeter.threads.ThreadGroup: Starting thread group number 1 threads 1 ramp-up 1 perThread 1000.0 delayedStart=false 
2014/02/25 09:54:22 INFO  - jmeter.threads.ThreadGroup: Started thread group number 1 
2014/02/25 09:54:22 INFO  - jmeter.engine.StandardJMeterEngine: All thread groups have been started 
2014/02/25 09:54:22 INFO  - jmeter.threads.JMeterThread: Thread started: Thread Group 1-1 
2014/02/25 09:54:22 INFO  - jmeter.threads.JMeterThread: Thread finished: Thread Group 1-1 
2014/02/25 09:54:22 INFO  - jmeter.engine.StandardJMeterEngine: Notifying test listeners of end of test 
2014/02/25 09:54:22 INFO  - jmeter.gui.util.JMeterMenuBar: setRunning(false,*local*) 
